<?xml version="1.0" encoding="UTF-8"?>
<testng-results ignored="0" total="102" passed="102" failed="0" skipped="0">
  <reporter-output>
  </reporter-output>
  <suite started-at="2020-10-08T10:21:47 PET" name="RegistrarClaseTest" finished-at="2020-10-08T10:21:47 PET" duration-ms="444">
    <groups>
    </groups>
    <test started-at="2020-10-08T10:21:47 PET" name="Command line test" finished-at="2020-10-08T10:21:47 PET" duration-ms="444">
      <class name="RegistrarClaseTest">
        <test-method signature="testCase3()[pri:0, instance:RegistrarClaseTest@eec5a4a]" started-at="2020-10-08T10:21:47 PET" name="testCase3" finished-at="2020-10-08T10:21:47 PET" duration-ms="94" status="PASS">
          <reporter-output>
          </reporter-output>
        </test-method> <!-- testCase3 -->
        <test-method signature="testCase3()[pri:0, instance:RegistrarClaseTest@eec5a4a]" started-at="2020-10-08T10:21:47 PET" name="testCase3" finished-at="2020-10-08T10:21:47 PET" duration-ms="109" status="PASS">
          <reporter-output>
          </reporter-output>
        </test-method> <!-- testCase3 -->
        <test-method signature="testCase3()[pri:0, instance:RegistrarClaseTest@eec5a4a]" started-at="2020-10-08T10:21:47 PET" name="testCase3" finished-at="2020-10-08T10:21:47 PET" duration-ms="115" status="PASS">
          <reporter-output>
          </reporter-output>
        </test-method> <!-- testCase3 -->
        <test-method signature="testCase3()[pri:0, instance:RegistrarClaseTest@eec5a4a]" started-at="2020-10-08T10:21:47 PET" name="testCase3" finished-at="2020-10-08T10:21:47 PET" duration-ms="123" status="PASS">
          <reporter-output>
          </reporter-output>
        </test-method> <!-- testCase3 -->
        <test-method signature="testCase3()[pri:0, instance:RegistrarClaseTest@eec5a4a]" started-at="2020-10-08T10:21:47 PET" name="testCase3" finished-at="2020-10-08T10:21:47 PET" duration-ms="121" status="PASS">
          <reporter-output>
          </reporter-output>
        </test-method> <!-- testCase3 -->
        <test-method signature="testCase3()[pri:0, instance:RegistrarClaseTest@eec5a4a]" started-at="2020-10-08T10:21:47 PET" name="testCase3" finished-at="2020-10-08T10:21:47 PET" duration-ms="114" status="PASS">
          <reporter-output>
          </reporter-output>
        </test-method> <!-- testCase3 -->
        <test-method signature="testCase3()[pri:0, instance:RegistrarClaseTest@eec5a4a]" started-at="2020-10-08T10:21:47 PET" name="testCase3" finished-at="2020-10-08T10:21:47 PET" duration-ms="103" status="PASS">
          <reporter-output>
          </reporter-output>
        </test-method> <!-- testCase3 -->
        <test-method signature="testCase3()[pri:0, instance:RegistrarClaseTest@eec5a4a]" started-at="2020-10-08T10:21:47 PET" name="testCase3" finished-at="2020-10-08T10:21:47 PET" duration-ms="107" status="PASS">
          <reporter-output>
          </reporter-output>
        </test-method> <!-- testCase3 -->
        <test-method signature="testCase3()[pri:0, instance:RegistrarClaseTest@eec5a4a]" started-at="2020-10-08T10:21:47 PET" name="testCase3" finished-at="2020-10-08T10:21:47 PET" duration-ms="52" status="PASS">
          <reporter-output>
          </reporter-output>
        </test-method> <!-- testCase3 -->
        <test-method signature="testCase3()[pri:0, instance:RegistrarClaseTest@eec5a4a]" started-at="2020-10-08T10:21:47 PET" name="testCase3" finished-at="2020-10-08T10:21:47 PET" duration-ms="107" status="PASS">
          <reporter-output>
          </reporter-output>
        </test-method> <!-- testCase3 -->
        <test-method signature="testCase3()[pri:0, instance:RegistrarClaseTest@eec5a4a]" started-at="2020-10-08T10:21:47 PET" name="testCase3" finished-at="2020-10-08T10:21:47 PET" duration-ms="106" status="PASS">
          <reporter-output>
          </reporter-output>
        </test-method> <!-- testCase3 -->
        <test-method signature="testCase3()[pri:0, instance:RegistrarClaseTest@eec5a4a]" started-at="2020-10-08T10:21:47 PET" name="testCase3" finished-at="2020-10-08T10:21:47 PET" duration-ms="108" status="PASS">
          <reporter-output>
          </reporter-output>
        </test-method> <!-- testCase3 -->
        <test-method signature="testCase3()[pri:0, instance:RegistrarClaseTest@eec5a4a]" started-at="2020-10-08T10:21:47 PET" name="testCase3" finished-at="2020-10-08T10:21:47 PET" duration-ms="108" status="PASS">
          <reporter-output>
          </reporter-output>
        </test-method> <!-- testCase3 -->
        <test-method signature="testCase3()[pri:0, instance:RegistrarClaseTest@eec5a4a]" started-at="2020-10-08T10:21:47 PET" name="testCase3" finished-at="2020-10-08T10:21:47 PET" duration-ms="105" status="PASS">
          <reporter-output>
          </reporter-output>
        </test-method> <!-- testCase3 -->
        <test-method signature="testCase3()[pri:0, instance:RegistrarClaseTest@eec5a4a]" started-at="2020-10-08T10:21:47 PET" name="testCase3" finished-at="2020-10-08T10:21:47 PET" duration-ms="105" status="PASS">
          <reporter-output>
          </reporter-output>
        </test-method> <!-- testCase3 -->
        <test-method signature="testCase3()[pri:0, instance:RegistrarClaseTest@eec5a4a]" started-at="2020-10-08T10:21:47 PET" name="testCase3" finished-at="2020-10-08T10:21:47 PET" duration-ms="113" status="PASS">
          <reporter-output>
          </reporter-output>
        </test-method> <!-- testCase3 -->
        <test-method signature="testCase3()[pri:0, instance:RegistrarClaseTest@eec5a4a]" started-at="2020-10-08T10:21:47 PET" name="testCase3" finished-at="2020-10-08T10:21:47 PET" duration-ms="105" status="PASS">
          <reporter-output>
          </reporter-output>
        </test-method> <!-- testCase3 -->
        <test-method signature="testCase3()[pri:0, instance:RegistrarClaseTest@eec5a4a]" started-at="2020-10-08T10:21:47 PET" name="testCase3" finished-at="2020-10-08T10:21:47 PET" duration-ms="45" status="PASS">
          <reporter-output>
          </reporter-output>
        </test-method> <!-- testCase3 -->
        <test-method signature="testCase3()[pri:0, instance:RegistrarClaseTest@eec5a4a]" started-at="2020-10-08T10:21:47 PET" name="testCase3" finished-at="2020-10-08T10:21:47 PET" duration-ms="112" status="PASS">
          <reporter-output>
          </reporter-output>
        </test-method> <!-- testCase3 -->
        <test-method signature="testCase3()[pri:0, instance:RegistrarClaseTest@eec5a4a]" started-at="2020-10-08T10:21:47 PET" name="testCase3" finished-at="2020-10-08T10:21:47 PET" duration-ms="112" status="PASS">
          <reporter-output>
          </reporter-output>
        </test-method> <!-- testCase3 -->
        <test-method signature="testCase3()[pri:0, instance:RegistrarClaseTest@eec5a4a]" started-at="2020-10-08T10:21:47 PET" name="testCase3" finished-at="2020-10-08T10:21:47 PET" duration-ms="112" status="PASS">
          <reporter-output>
          </reporter-output>
        </test-method> <!-- testCase3 -->
        <test-method signature="testCase3()[pri:0, instance:RegistrarClaseTest@eec5a4a]" started-at="2020-10-08T10:21:47 PET" name="testCase3" finished-at="2020-10-08T10:21:47 PET" duration-ms="113" status="PASS">
          <reporter-output>
          </reporter-output>
        </test-method> <!-- testCase3 -->
        <test-method signature="testCase3()[pri:0, instance:RegistrarClaseTest@eec5a4a]" started-at="2020-10-08T10:21:47 PET" name="testCase3" finished-at="2020-10-08T10:21:47 PET" duration-ms="112" status="PASS">
          <reporter-output>
          </reporter-output>
        </test-method> <!-- testCase3 -->
        <test-method signature="testCase3()[pri:0, instance:RegistrarClaseTest@eec5a4a]" started-at="2020-10-08T10:21:47 PET" name="testCase3" finished-at="2020-10-08T10:21:47 PET" duration-ms="46" status="PASS">
          <reporter-output>
          </reporter-output>
        </test-method> <!-- testCase3 -->
        <test-method signature="testCase3()[pri:0, instance:RegistrarClaseTest@eec5a4a]" started-at="2020-10-08T10:21:47 PET" name="testCase3" finished-at="2020-10-08T10:21:47 PET" duration-ms="113" status="PASS">
          <reporter-output>
          </reporter-output>
        </test-method> <!-- testCase3 -->
        <test-method signature="testCase3()[pri:0, instance:RegistrarClaseTest@eec5a4a]" started-at="2020-10-08T10:21:47 PET" name="testCase3" finished-at="2020-10-08T10:21:47 PET" duration-ms="83" status="PASS">
          <reporter-output>
          </reporter-output>
        </test-method> <!-- testCase3 -->
        <test-method signature="testCase3()[pri:0, instance:RegistrarClaseTest@eec5a4a]" started-at="2020-10-08T10:21:47 PET" name="testCase3" finished-at="2020-10-08T10:21:47 PET" duration-ms="45" status="PASS">
          <reporter-output>
          </reporter-output>
        </test-method> <!-- testCase3 -->
        <test-method signature="testCase3()[pri:0, instance:RegistrarClaseTest@eec5a4a]" started-at="2020-10-08T10:21:47 PET" name="testCase3" finished-at="2020-10-08T10:21:47 PET" duration-ms="94" status="PASS">
          <reporter-output>
          </reporter-output>
        </test-method> <!-- testCase3 -->
        <test-method signature="testCase3()[pri:0, instance:RegistrarClaseTest@eec5a4a]" started-at="2020-10-08T10:21:47 PET" name="testCase3" finished-at="2020-10-08T10:21:47 PET" duration-ms="41" status="PASS">
          <reporter-output>
          </reporter-output>
        </test-method> <!-- testCase3 -->
        <test-method signature="testCase3()[pri:0, instance:RegistrarClaseTest@eec5a4a]" started-at="2020-10-08T10:21:47 PET" name="testCase3" finished-at="2020-10-08T10:21:47 PET" duration-ms="41" status="PASS">
          <reporter-output>
          </reporter-output>
        </test-method> <!-- testCase3 -->
        <test-method signature="testCase3()[pri:0, instance:RegistrarClaseTest@eec5a4a]" started-at="2020-10-08T10:21:47 PET" name="testCase3" finished-at="2020-10-08T10:21:47 PET" duration-ms="41" status="PASS">
          <reporter-output>
          </reporter-output>
        </test-method> <!-- testCase3 -->
        <test-method signature="testCase3()[pri:0, instance:RegistrarClaseTest@eec5a4a]" started-at="2020-10-08T10:21:47 PET" name="testCase3" finished-at="2020-10-08T10:21:47 PET" duration-ms="41" status="PASS">
          <reporter-output>
          </reporter-output>
        </test-method> <!-- testCase3 -->
        <test-method signature="testCase3()[pri:0, instance:RegistrarClaseTest@eec5a4a]" started-at="2020-10-08T10:21:47 PET" name="testCase3" finished-at="2020-10-08T10:21:47 PET" duration-ms="76" status="PASS">
          <reporter-output>
          </reporter-output>
        </test-method> <!-- testCase3 -->
        <test-method signature="testCase3()[pri:0, instance:RegistrarClaseTest@eec5a4a]" started-at="2020-10-08T10:21:47 PET" name="testCase3" finished-at="2020-10-08T10:21:47 PET" duration-ms="75" status="PASS">
          <reporter-output>
          </reporter-output>
        </test-method> <!-- testCase3 -->
        <test-method signature="testCase3()[pri:0, instance:RegistrarClaseTest@eec5a4a]" started-at="2020-10-08T10:21:47 PET" name="testCase3" finished-at="2020-10-08T10:21:47 PET" duration-ms="14" status="PASS">
          <reporter-output>
          </reporter-output>
        </test-method> <!-- testCase3 -->
        <test-method signature="testCase3()[pri:0, instance:RegistrarClaseTest@eec5a4a]" started-at="2020-10-08T10:21:47 PET" name="testCase3" finished-at="2020-10-08T10:21:47 PET" duration-ms="13" status="PASS">
          <reporter-output>
          </reporter-output>
        </test-method> <!-- testCase3 -->
        <test-method signature="testCase3()[pri:0, instance:RegistrarClaseTest@eec5a4a]" started-at="2020-10-08T10:21:47 PET" name="testCase3" finished-at="2020-10-08T10:21:47 PET" duration-ms="52" status="PASS">
          <reporter-output>
          </reporter-output>
        </test-method> <!-- testCase3 -->
        <test-method signature="testCase3()[pri:0, instance:RegistrarClaseTest@eec5a4a]" started-at="2020-10-08T10:21:47 PET" name="testCase3" finished-at="2020-10-08T10:21:47 PET" duration-ms="13" status="PASS">
          <reporter-output>
          </reporter-output>
        </test-method> <!-- testCase3 -->
        <test-method signature="testCase3()[pri:0, instance:RegistrarClaseTest@eec5a4a]" started-at="2020-10-08T10:21:47 PET" name="testCase3" finished-at="2020-10-08T10:21:47 PET" duration-ms="60" status="PASS">
          <reporter-output>
          </reporter-output>
        </test-method> <!-- testCase3 -->
        <test-method signature="testCase3()[pri:0, instance:RegistrarClaseTest@eec5a4a]" started-at="2020-10-08T10:21:47 PET" name="testCase3" finished-at="2020-10-08T10:21:47 PET" duration-ms="59" status="PASS">
          <reporter-output>
          </reporter-output>
        </test-method> <!-- testCase3 -->
        <test-method signature="testCase3()[pri:0, instance:RegistrarClaseTest@eec5a4a]" started-at="2020-10-08T10:21:47 PET" name="testCase3" finished-at="2020-10-08T10:21:47 PET" duration-ms="58" status="PASS">
          <reporter-output>
          </reporter-output>
        </test-method> <!-- testCase3 -->
        <test-method signature="testCase3()[pri:0, instance:RegistrarClaseTest@eec5a4a]" started-at="2020-10-08T10:21:47 PET" name="testCase3" finished-at="2020-10-08T10:21:47 PET" duration-ms="57" status="PASS">
          <reporter-output>
          </reporter-output>
        </test-method> <!-- testCase3 -->
        <test-method signature="testCase3()[pri:0, instance:RegistrarClaseTest@eec5a4a]" started-at="2020-10-08T10:21:47 PET" name="testCase3" finished-at="2020-10-08T10:21:47 PET" duration-ms="57" status="PASS">
          <reporter-output>
          </reporter-output>
        </test-method> <!-- testCase3 -->
        <test-method signature="testCase3()[pri:0, instance:RegistrarClaseTest@eec5a4a]" started-at="2020-10-08T10:21:47 PET" name="testCase3" finished-at="2020-10-08T10:21:47 PET" duration-ms="55" status="PASS">
          <reporter-output>
          </reporter-output>
        </test-method> <!-- testCase3 -->
        <test-method signature="testCase3()[pri:0, instance:RegistrarClaseTest@eec5a4a]" started-at="2020-10-08T10:21:47 PET" name="testCase3" finished-at="2020-10-08T10:21:47 PET" duration-ms="13" status="PASS">
          <reporter-output>
          </reporter-output>
        </test-method> <!-- testCase3 -->
        <test-method signature="testCase3()[pri:0, instance:RegistrarClaseTest@eec5a4a]" started-at="2020-10-08T10:21:47 PET" name="testCase3" finished-at="2020-10-08T10:21:47 PET" duration-ms="2" status="PASS">
          <reporter-output>
          </reporter-output>
        </test-method> <!-- testCase3 -->
        <test-method signature="testCase3()[pri:0, instance:RegistrarClaseTest@eec5a4a]" started-at="2020-10-08T10:21:47 PET" name="testCase3" finished-at="2020-10-08T10:21:47 PET" duration-ms="1" status="PASS">
          <reporter-output>
          </reporter-output>
        </test-method> <!-- testCase3 -->
        <test-method signature="testCase3()[pri:0, instance:RegistrarClaseTest@eec5a4a]" started-at="2020-10-08T10:21:47 PET" name="testCase3" finished-at="2020-10-08T10:21:47 PET" duration-ms="11" status="PASS">
          <reporter-output>
          </reporter-output>
        </test-method> <!-- testCase3 -->
        <test-method signature="testCase3()[pri:0, instance:RegistrarClaseTest@eec5a4a]" started-at="2020-10-08T10:21:47 PET" name="testCase3" finished-at="2020-10-08T10:21:47 PET" duration-ms="5" status="PASS">
          <reporter-output>
          </reporter-output>
        </test-method> <!-- testCase3 -->
        <test-method signature="testCase3()[pri:0, instance:RegistrarClaseTest@eec5a4a]" started-at="2020-10-08T10:21:47 PET" name="testCase3" finished-at="2020-10-08T10:21:47 PET" duration-ms="1" status="PASS">
          <reporter-output>
          </reporter-output>
        </test-method> <!-- testCase3 -->
        <test-method signature="testCase3()[pri:0, instance:RegistrarClaseTest@eec5a4a]" started-at="2020-10-08T10:21:47 PET" name="testCase3" finished-at="2020-10-08T10:21:47 PET" duration-ms="4" status="PASS">
          <reporter-output>
          </reporter-output>
        </test-method> <!-- testCase3 -->
        <test-method signature="testCase3()[pri:0, instance:RegistrarClaseTest@eec5a4a]" started-at="2020-10-08T10:21:47 PET" name="testCase3" finished-at="2020-10-08T10:21:47 PET" duration-ms="0" status="PASS">
          <reporter-output>
          </reporter-output>
        </test-method> <!-- testCase3 -->
        <test-method signature="testCase3()[pri:0, instance:RegistrarClaseTest@eec5a4a]" started-at="2020-10-08T10:21:47 PET" name="testCase3" finished-at="2020-10-08T10:21:47 PET" duration-ms="0" status="PASS">
          <reporter-output>
          </reporter-output>
        </test-method> <!-- testCase3 -->
        <test-method signature="testCase3()[pri:0, instance:RegistrarClaseTest@eec5a4a]" started-at="2020-10-08T10:21:47 PET" name="testCase3" finished-at="2020-10-08T10:21:47 PET" duration-ms="1" status="PASS">
          <reporter-output>
          </reporter-output>
        </test-method> <!-- testCase3 -->
        <test-method signature="testCase3()[pri:0, instance:RegistrarClaseTest@eec5a4a]" started-at="2020-10-08T10:21:47 PET" name="testCase3" finished-at="2020-10-08T10:21:47 PET" duration-ms="1" status="PASS">
          <reporter-output>
          </reporter-output>
        </test-method> <!-- testCase3 -->
        <test-method signature="testCase3()[pri:0, instance:RegistrarClaseTest@eec5a4a]" started-at="2020-10-08T10:21:47 PET" name="testCase3" finished-at="2020-10-08T10:21:47 PET" duration-ms="1" status="PASS">
          <reporter-output>
          </reporter-output>
        </test-method> <!-- testCase3 -->
        <test-method signature="testCase3()[pri:0, instance:RegistrarClaseTest@eec5a4a]" started-at="2020-10-08T10:21:47 PET" name="testCase3" finished-at="2020-10-08T10:21:47 PET" duration-ms="0" status="PASS">
          <reporter-output>
          </reporter-output>
        </test-method> <!-- testCase3 -->
        <test-method signature="testCase3()[pri:0, instance:RegistrarClaseTest@eec5a4a]" started-at="2020-10-08T10:21:47 PET" name="testCase3" finished-at="2020-10-08T10:21:47 PET" duration-ms="1" status="PASS">
          <reporter-output>
          </reporter-output>
        </test-method> <!-- testCase3 -->
        <test-method signature="testCase3()[pri:0, instance:RegistrarClaseTest@eec5a4a]" started-at="2020-10-08T10:21:47 PET" name="testCase3" finished-at="2020-10-08T10:21:47 PET" duration-ms="0" status="PASS">
          <reporter-output>
          </reporter-output>
        </test-method> <!-- testCase3 -->
        <test-method signature="testCase3()[pri:0, instance:RegistrarClaseTest@eec5a4a]" started-at="2020-10-08T10:21:47 PET" name="testCase3" finished-at="2020-10-08T10:21:47 PET" duration-ms="0" status="PASS">
          <reporter-output>
          </reporter-output>
        </test-method> <!-- testCase3 -->
        <test-method signature="testCase3()[pri:0, instance:RegistrarClaseTest@eec5a4a]" started-at="2020-10-08T10:21:47 PET" name="testCase3" finished-at="2020-10-08T10:21:47 PET" duration-ms="2" status="PASS">
          <reporter-output>
          </reporter-output>
        </test-method> <!-- testCase3 -->
        <test-method signature="testCase3()[pri:0, instance:RegistrarClaseTest@eec5a4a]" started-at="2020-10-08T10:21:47 PET" name="testCase3" finished-at="2020-10-08T10:21:47 PET" duration-ms="1" status="PASS">
          <reporter-output>
          </reporter-output>
        </test-method> <!-- testCase3 -->
        <test-method signature="testCase3()[pri:0, instance:RegistrarClaseTest@eec5a4a]" started-at="2020-10-08T10:21:47 PET" name="testCase3" finished-at="2020-10-08T10:21:47 PET" duration-ms="1" status="PASS">
          <reporter-output>
          </reporter-output>
        </test-method> <!-- testCase3 -->
        <test-method signature="testCase3()[pri:0, instance:RegistrarClaseTest@eec5a4a]" started-at="2020-10-08T10:21:47 PET" name="testCase3" finished-at="2020-10-08T10:21:47 PET" duration-ms="0" status="PASS">
          <reporter-output>
          </reporter-output>
        </test-method> <!-- testCase3 -->
        <test-method signature="testCase3()[pri:0, instance:RegistrarClaseTest@eec5a4a]" started-at="2020-10-08T10:21:47 PET" name="testCase3" finished-at="2020-10-08T10:21:47 PET" duration-ms="0" status="PASS">
          <reporter-output>
          </reporter-output>
        </test-method> <!-- testCase3 -->
        <test-method signature="testCase3()[pri:0, instance:RegistrarClaseTest@eec5a4a]" started-at="2020-10-08T10:21:47 PET" name="testCase3" finished-at="2020-10-08T10:21:47 PET" duration-ms="0" status="PASS">
          <reporter-output>
          </reporter-output>
        </test-method> <!-- testCase3 -->
        <test-method signature="testCase3()[pri:0, instance:RegistrarClaseTest@eec5a4a]" started-at="2020-10-08T10:21:47 PET" name="testCase3" finished-at="2020-10-08T10:21:47 PET" duration-ms="0" status="PASS">
          <reporter-output>
          </reporter-output>
        </test-method> <!-- testCase3 -->
        <test-method signature="testCase3()[pri:0, instance:RegistrarClaseTest@eec5a4a]" started-at="2020-10-08T10:21:47 PET" name="testCase3" finished-at="2020-10-08T10:21:47 PET" duration-ms="1" status="PASS">
          <reporter-output>
          </reporter-output>
        </test-method> <!-- testCase3 -->
        <test-method signature="testCase3()[pri:0, instance:RegistrarClaseTest@eec5a4a]" started-at="2020-10-08T10:21:47 PET" name="testCase3" finished-at="2020-10-08T10:21:47 PET" duration-ms="0" status="PASS">
          <reporter-output>
          </reporter-output>
        </test-method> <!-- testCase3 -->
        <test-method signature="testCase3()[pri:0, instance:RegistrarClaseTest@eec5a4a]" started-at="2020-10-08T10:21:47 PET" name="testCase3" finished-at="2020-10-08T10:21:47 PET" duration-ms="0" status="PASS">
          <reporter-output>
          </reporter-output>
        </test-method> <!-- testCase3 -->
        <test-method signature="testCase3()[pri:0, instance:RegistrarClaseTest@eec5a4a]" started-at="2020-10-08T10:21:47 PET" name="testCase3" finished-at="2020-10-08T10:21:47 PET" duration-ms="0" status="PASS">
          <reporter-output>
          </reporter-output>
        </test-method> <!-- testCase3 -->
        <test-method signature="testCase3()[pri:0, instance:RegistrarClaseTest@eec5a4a]" started-at="2020-10-08T10:21:47 PET" name="testCase3" finished-at="2020-10-08T10:21:47 PET" duration-ms="0" status="PASS">
          <reporter-output>
          </reporter-output>
        </test-method> <!-- testCase3 -->
        <test-method signature="testCase3()[pri:0, instance:RegistrarClaseTest@eec5a4a]" started-at="2020-10-08T10:21:47 PET" name="testCase3" finished-at="2020-10-08T10:21:47 PET" duration-ms="0" status="PASS">
          <reporter-output>
          </reporter-output>
        </test-method> <!-- testCase3 -->
        <test-method signature="testCase3()[pri:0, instance:RegistrarClaseTest@eec5a4a]" started-at="2020-10-08T10:21:47 PET" name="testCase3" finished-at="2020-10-08T10:21:47 PET" duration-ms="1" status="PASS">
          <reporter-output>
          </reporter-output>
        </test-method> <!-- testCase3 -->
        <test-method signature="testCase3()[pri:0, instance:RegistrarClaseTest@eec5a4a]" started-at="2020-10-08T10:21:47 PET" name="testCase3" finished-at="2020-10-08T10:21:47 PET" duration-ms="0" status="PASS">
          <reporter-output>
          </reporter-output>
        </test-method> <!-- testCase3 -->
        <test-method signature="testCase3()[pri:0, instance:RegistrarClaseTest@eec5a4a]" started-at="2020-10-08T10:21:47 PET" name="testCase3" finished-at="2020-10-08T10:21:47 PET" duration-ms="0" status="PASS">
          <reporter-output>
          </reporter-output>
        </test-method> <!-- testCase3 -->
        <test-method signature="testCase3()[pri:0, instance:RegistrarClaseTest@eec5a4a]" started-at="2020-10-08T10:21:47 PET" name="testCase3" finished-at="2020-10-08T10:21:47 PET" duration-ms="0" status="PASS">
          <reporter-output>
          </reporter-output>
        </test-method> <!-- testCase3 -->
        <test-method signature="testCase3()[pri:0, instance:RegistrarClaseTest@eec5a4a]" started-at="2020-10-08T10:21:47 PET" name="testCase3" finished-at="2020-10-08T10:21:47 PET" duration-ms="0" status="PASS">
          <reporter-output>
          </reporter-output>
        </test-method> <!-- testCase3 -->
        <test-method signature="testCase3()[pri:0, instance:RegistrarClaseTest@eec5a4a]" started-at="2020-10-08T10:21:47 PET" name="testCase3" finished-at="2020-10-08T10:21:47 PET" duration-ms="0" status="PASS">
          <reporter-output>
          </reporter-output>
        </test-method> <!-- testCase3 -->
        <test-method signature="testCase3()[pri:0, instance:RegistrarClaseTest@eec5a4a]" started-at="2020-10-08T10:21:47 PET" name="testCase3" finished-at="2020-10-08T10:21:47 PET" duration-ms="0" status="PASS">
          <reporter-output>
          </reporter-output>
        </test-method> <!-- testCase3 -->
        <test-method signature="testCase3()[pri:0, instance:RegistrarClaseTest@eec5a4a]" started-at="2020-10-08T10:21:47 PET" name="testCase3" finished-at="2020-10-08T10:21:47 PET" duration-ms="0" status="PASS">
          <reporter-output>
          </reporter-output>
        </test-method> <!-- testCase3 -->
        <test-method signature="testCase3()[pri:0, instance:RegistrarClaseTest@eec5a4a]" started-at="2020-10-08T10:21:47 PET" name="testCase3" finished-at="2020-10-08T10:21:47 PET" duration-ms="0" status="PASS">
          <reporter-output>
          </reporter-output>
        </test-method> <!-- testCase3 -->
        <test-method signature="testCase3()[pri:0, instance:RegistrarClaseTest@eec5a4a]" started-at="2020-10-08T10:21:47 PET" name="testCase3" finished-at="2020-10-08T10:21:47 PET" duration-ms="0" status="PASS">
          <reporter-output>
          </reporter-output>
        </test-method> <!-- testCase3 -->
        <test-method signature="testCase3()[pri:0, instance:RegistrarClaseTest@eec5a4a]" started-at="2020-10-08T10:21:47 PET" name="testCase3" finished-at="2020-10-08T10:21:47 PET" duration-ms="0" status="PASS">
          <reporter-output>
          </reporter-output>
        </test-method> <!-- testCase3 -->
        <test-method signature="testCase3()[pri:0, instance:RegistrarClaseTest@eec5a4a]" started-at="2020-10-08T10:21:47 PET" name="testCase3" finished-at="2020-10-08T10:21:47 PET" duration-ms="0" status="PASS">
          <reporter-output>
          </reporter-output>
        </test-method> <!-- testCase3 -->
        <test-method signature="testCase3()[pri:0, instance:RegistrarClaseTest@eec5a4a]" started-at="2020-10-08T10:21:47 PET" name="testCase3" finished-at="2020-10-08T10:21:47 PET" duration-ms="0" status="PASS">
          <reporter-output>
          </reporter-output>
        </test-method> <!-- testCase3 -->
        <test-method signature="testCase3()[pri:0, instance:RegistrarClaseTest@eec5a4a]" started-at="2020-10-08T10:21:47 PET" name="testCase3" finished-at="2020-10-08T10:21:47 PET" duration-ms="1" status="PASS">
          <reporter-output>
          </reporter-output>
        </test-method> <!-- testCase3 -->
        <test-method signature="testCase3()[pri:0, instance:RegistrarClaseTest@eec5a4a]" started-at="2020-10-08T10:21:47 PET" name="testCase3" finished-at="2020-10-08T10:21:47 PET" duration-ms="1" status="PASS">
          <reporter-output>
          </reporter-output>
        </test-method> <!-- testCase3 -->
        <test-method signature="testCase3()[pri:0, instance:RegistrarClaseTest@eec5a4a]" started-at="2020-10-08T10:21:47 PET" name="testCase3" finished-at="2020-10-08T10:21:47 PET" duration-ms="0" status="PASS">
          <reporter-output>
          </reporter-output>
        </test-method> <!-- testCase3 -->
        <test-method signature="testCase3()[pri:0, instance:RegistrarClaseTest@eec5a4a]" started-at="2020-10-08T10:21:47 PET" name="testCase3" finished-at="2020-10-08T10:21:47 PET" duration-ms="0" status="PASS">
          <reporter-output>
          </reporter-output>
        </test-method> <!-- testCase3 -->
        <test-method signature="testCase3()[pri:0, instance:RegistrarClaseTest@eec5a4a]" started-at="2020-10-08T10:21:47 PET" name="testCase3" finished-at="2020-10-08T10:21:47 PET" duration-ms="1" status="PASS">
          <reporter-output>
          </reporter-output>
        </test-method> <!-- testCase3 -->
        <test-method signature="testCase3()[pri:0, instance:RegistrarClaseTest@eec5a4a]" started-at="2020-10-08T10:21:47 PET" name="testCase3" finished-at="2020-10-08T10:21:47 PET" duration-ms="1" status="PASS">
          <reporter-output>
          </reporter-output>
        </test-method> <!-- testCase3 -->
        <test-method signature="testCase3()[pri:0, instance:RegistrarClaseTest@eec5a4a]" started-at="2020-10-08T10:21:47 PET" name="testCase3" finished-at="2020-10-08T10:21:47 PET" duration-ms="0" status="PASS">
          <reporter-output>
          </reporter-output>
        </test-method> <!-- testCase3 -->
        <test-method signature="testCase3()[pri:0, instance:RegistrarClaseTest@eec5a4a]" started-at="2020-10-08T10:21:47 PET" name="testCase3" finished-at="2020-10-08T10:21:47 PET" duration-ms="0" status="PASS">
          <reporter-output>
          </reporter-output>
        </test-method> <!-- testCase3 -->
        <test-method signature="testCase3()[pri:0, instance:RegistrarClaseTest@eec5a4a]" started-at="2020-10-08T10:21:47 PET" name="testCase3" finished-at="2020-10-08T10:21:47 PET" duration-ms="0" status="PASS">
          <reporter-output>
          </reporter-output>
        </test-method> <!-- testCase3 -->
        <test-method signature="testCase3()[pri:0, instance:RegistrarClaseTest@eec5a4a]" started-at="2020-10-08T10:21:47 PET" name="testCase3" finished-at="2020-10-08T10:21:47 PET" duration-ms="0" status="PASS">
          <reporter-output>
          </reporter-output>
        </test-method> <!-- testCase3 -->
        <test-method signature="testCase3()[pri:0, instance:RegistrarClaseTest@eec5a4a]" started-at="2020-10-08T10:21:47 PET" name="testCase3" finished-at="2020-10-08T10:21:47 PET" duration-ms="0" status="PASS">
          <reporter-output>
          </reporter-output>
        </test-method> <!-- testCase3 -->
        <test-method signature="testCase3()[pri:0, instance:RegistrarClaseTest@eec5a4a]" started-at="2020-10-08T10:21:47 PET" name="testCase3" finished-at="2020-10-08T10:21:47 PET" duration-ms="0" status="PASS">
          <reporter-output>
          </reporter-output>
        </test-method> <!-- testCase3 -->
        <test-method signature="testCase3()[pri:0, instance:RegistrarClaseTest@eec5a4a]" started-at="2020-10-08T10:21:47 PET" name="testCase3" finished-at="2020-10-08T10:21:47 PET" duration-ms="0" status="PASS">
          <reporter-output>
          </reporter-output>
        </test-method> <!-- testCase3 -->
        <test-method signature="testCase3()[pri:0, instance:RegistrarClaseTest@eec5a4a]" started-at="2020-10-08T10:21:47 PET" name="testCase3" finished-at="2020-10-08T10:21:47 PET" duration-ms="1" status="PASS">
          <reporter-output>
          </reporter-output>
        </test-method> <!-- testCase3 -->
        <test-method signature="test_emptyname()[pri:0, instance:RegistrarClaseTest@eec5a4a]" started-at="2020-10-08T10:21:47 PET" name="test_emptyname" finished-at="2020-10-08T10:21:47 PET" duration-ms="3" status="PASS">
          <exception class="VacioException">
            <message>
              <![CDATA[No ingreso nombre alguno]]>
            </message>
            <full-stacktrace>
              <![CDATA[VacioException: No ingreso nombre alguno
at RegistrarClase.IniciarSesion(RegistrarClase.java:11)
at RegistrarClaseTest.test_emptyname(RegistrarClaseTest.java:17)
at java.base/jdk.internal.reflect.NativeMethodAccessorImpl.invoke0(Native Method)
at java.base/jdk.internal.reflect.NativeMethodAccessorImpl.invoke(NativeMethodAccessorImpl.java:62)
at java.base/jdk.internal.reflect.DelegatingMethodAccessorImpl.invoke(DelegatingMethodAccessorImpl.java:43)
at java.base/java.lang.reflect.Method.invoke(Method.java:566)
at org.testng.internal.MethodInvocationHelper.invokeMethod(MethodInvocationHelper.java:131)
at org.testng.internal.Invoker.invokeMethod(Invoker.java:658)
at org.testng.internal.Invoker.invokeTestMethod(Invoker.java:792)
at org.testng.internal.Invoker.invokeTestMethods(Invoker.java:1103)
at org.testng.internal.TestMethodWorker.invokeTestMethods(TestMethodWorker.java:140)
at org.testng.internal.TestMethodWorker.run(TestMethodWorker.java:122)
at org.testng.TestRunner.privateRun(TestRunner.java:739)
at org.testng.TestRunner.run(TestRunner.java:589)
at org.testng.SuiteRunner.runTest(SuiteRunner.java:398)
at org.testng.SuiteRunner.runSequentially(SuiteRunner.java:392)
at org.testng.SuiteRunner.privateRun(SuiteRunner.java:354)
at org.testng.SuiteRunner.run(SuiteRunner.java:302)
at org.testng.SuiteRunnerWorker.runSuite(SuiteRunnerWorker.java:53)
at org.testng.SuiteRunnerWorker.run(SuiteRunnerWorker.java:96)
at org.testng.TestNG.runSuitesSequentially(TestNG.java:1145)
at org.testng.TestNG.runSuitesLocally(TestNG.java:1067)
at org.testng.TestNG.runSuites(TestNG.java:997)
at org.testng.TestNG.run(TestNG.java:965)
at org.apache.maven.surefire.testng.TestNGExecutor.run(TestNGExecutor.java:77)
at org.apache.maven.surefire.testng.TestNGDirectoryTestSuite.execute(TestNGDirectoryTestSuite.java:110)
at org.apache.maven.surefire.testng.TestNGProvider.invoke(TestNGProvider.java:106)
at java.base/jdk.internal.reflect.NativeMethodAccessorImpl.invoke0(Native Method)
at java.base/jdk.internal.reflect.NativeMethodAccessorImpl.invoke(NativeMethodAccessorImpl.java:62)
at java.base/jdk.internal.reflect.DelegatingMethodAccessorImpl.invoke(DelegatingMethodAccessorImpl.java:43)
at java.base/java.lang.reflect.Method.invoke(Method.java:566)
at org.apache.maven.surefire.util.ReflectionUtils.invokeMethodWithArray(ReflectionUtils.java:189)
at org.apache.maven.surefire.booter.ProviderFactory$ProviderProxy.invoke(ProviderFactory.java:165)
at org.apache.maven.surefire.booter.ProviderFactory.invokeProvider(ProviderFactory.java:85)
at org.apache.maven.surefire.booter.ForkedBooter.runSuitesInProcess(ForkedBooter.java:115)
at org.apache.maven.surefire.booter.ForkedBooter.main(ForkedBooter.java:75)
]]>
            </full-stacktrace>
          </exception> <!-- VacioException -->
          <reporter-output>
          </reporter-output>
        </test-method> <!-- test_emptyname -->
        <test-method signature="test_formato()[pri:0, instance:RegistrarClaseTest@eec5a4a]" started-at="2020-10-08T10:21:47 PET" name="test_formato" finished-at="2020-10-08T10:21:47 PET" duration-ms="1" status="PASS">
          <exception class="FormatoException">
            <message>
              <![CDATA[No cumple con el formato establecido]]>
            </message>
            <full-stacktrace>
              <![CDATA[FormatoException: No cumple con el formato establecido
at RegistrarClase.IngresarFormatoClase(RegistrarClase.java:25)
at RegistrarClaseTest.test_formato(RegistrarClaseTest.java:24)
at java.base/jdk.internal.reflect.NativeMethodAccessorImpl.invoke0(Native Method)
at java.base/jdk.internal.reflect.NativeMethodAccessorImpl.invoke(NativeMethodAccessorImpl.java:62)
at java.base/jdk.internal.reflect.DelegatingMethodAccessorImpl.invoke(DelegatingMethodAccessorImpl.java:43)
at java.base/java.lang.reflect.Method.invoke(Method.java:566)
at org.testng.internal.MethodInvocationHelper.invokeMethod(MethodInvocationHelper.java:131)
at org.testng.internal.Invoker.invokeMethod(Invoker.java:658)
at org.testng.internal.Invoker.invokeTestMethod(Invoker.java:792)
at org.testng.internal.Invoker.invokeTestMethods(Invoker.java:1103)
at org.testng.internal.TestMethodWorker.invokeTestMethods(TestMethodWorker.java:140)
at org.testng.internal.TestMethodWorker.run(TestMethodWorker.java:122)
at org.testng.TestRunner.privateRun(TestRunner.java:739)
at org.testng.TestRunner.run(TestRunner.java:589)
at org.testng.SuiteRunner.runTest(SuiteRunner.java:398)
at org.testng.SuiteRunner.runSequentially(SuiteRunner.java:392)
at org.testng.SuiteRunner.privateRun(SuiteRunner.java:354)
at org.testng.SuiteRunner.run(SuiteRunner.java:302)
at org.testng.SuiteRunnerWorker.runSuite(SuiteRunnerWorker.java:53)
at org.testng.SuiteRunnerWorker.run(SuiteRunnerWorker.java:96)
at org.testng.TestNG.runSuitesSequentially(TestNG.java:1145)
at org.testng.TestNG.runSuitesLocally(TestNG.java:1067)
at org.testng.TestNG.runSuites(TestNG.java:997)
at org.testng.TestNG.run(TestNG.java:965)
at org.apache.maven.surefire.testng.TestNGExecutor.run(TestNGExecutor.java:77)
at org.apache.maven.surefire.testng.TestNGDirectoryTestSuite.execute(TestNGDirectoryTestSuite.java:110)
at org.apache.maven.surefire.testng.TestNGProvider.invoke(TestNGProvider.java:106)
at java.base/jdk.internal.reflect.NativeMethodAccessorImpl.invoke0(Native Method)
at java.base/jdk.internal.reflect.NativeMethodAccessorImpl.invoke(NativeMethodAccessorImpl.java:62)
at java.base/jdk.internal.reflect.DelegatingMethodAccessorImpl.invoke(DelegatingMethodAccessorImpl.java:43)
at java.base/java.lang.reflect.Method.invoke(Method.java:566)
at org.apache.maven.surefire.util.ReflectionUtils.invokeMethodWithArray(ReflectionUtils.java:189)
at org.apache.maven.surefire.booter.ProviderFactory$ProviderProxy.invoke(ProviderFactory.java:165)
at org.apache.maven.surefire.booter.ProviderFactory.invokeProvider(ProviderFactory.java:85)
at org.apache.maven.surefire.booter.ForkedBooter.runSuitesInProcess(ForkedBooter.java:115)
at org.apache.maven.surefire.booter.ForkedBooter.main(ForkedBooter.java:75)
]]>
            </full-stacktrace>
          </exception> <!-- FormatoException -->
          <reporter-output>
          </reporter-output>
        </test-method> <!-- test_formato -->
      </class> <!-- RegistrarClaseTest -->
    </test> <!-- Command line test -->
  </suite> <!-- RegistrarClaseTest -->
</testng-results>
